<?xml version="1.0" encoding="UTF-8"?>
<testsuite xmlns:xsi="http://www.w3.org/2001/XMLSchema-instance" xsi:noNamespaceSchemaLocation="https://maven.apache.org/surefire/maven-surefire-plugin/xsd/surefire-test-report.xsd" name="com.system.dao.TestAccountDao" time="1.122" tests="4" errors="0" skipped="0" failures="0">
  <properties>
[...]
</properties>
  <testcase name="testFindAllAccountsOfUser" classname="com.system.dao.TestAccountDao" time="0.005"/>
  <testcase name="testCreateAccount" classname="com.system.dao.TestAccountDao" time="0"/>
  <testcase name="testUpdateAccount" classname="com.system.dao.TestAccountDao" time="0"/>
  <testcase name="testFindAccountById" classname="com.system.dao.TestAccountDao" time="0"/>
</testsuite>